{
  "RSpec": {
    "coverage": {
      "/home/seventh/rails_apps/kenall2/app/controllers/application_controller.rb": [
        1,
        1,
        null
      ],
      "/home/seventh/rails_apps/kenall2/app/helpers/application_helper.rb": [
        1,
        null
      ],
      "/home/seventh/rails_apps/kenall2/app/helpers/postcodes_helper.rb": [
        1,
        1,
        178,
        null,
        null
      ],
      "/home/seventh/rails_apps/kenall2/app/controllers/postcodes_controller.rb": [
        null,
        1,
        1,
        26,
        26,
        26,
        12,
        12,
        12,
        12,
        12,
        12,
        2,
        2,
        null,
        12,
        1,
        1,
        null,
        null,
        null,
        null,
        1,
        1,
        26,
        26,
        3,
        3,
        null,
        26,
        26,
        26,
        null,
        null
      ],
      "/home/seventh/rails_apps/kenall2/app/models/postcode.rb": [
        1,
        1,
        null,
        null
      ]
    },
    "timestamp": 1346553418
  }
}
